Arguments: 
  C:\Program Files\nodejs\node.exe C:\Users\alexandra.brad\AppData\Roaming\npm\node_modules\yarn\bin\yarn.js

PATH: 
  C:\Program Files (x86)\VMware\VMware Workstation\bin\;C:\WINDOWS\system32;C:\WINDOWS;C:\WINDOWS\System32\Wbem;C:\WINDOWS\System32\WindowsPowerShell\v1.0\;C:\WINDOWS\System32\OpenSSH\;C:\Program Files\dotnet\;C:\ProgramData\chocolatey\bin;C:\Program Files (x86)\dotnet\;C:\Program Files\Git\cmd;C:\Program Files\nodejs\;C:\Program Files\Docker\Docker\resources\bin;C:\ProgramData\DockerDesktop\version-bin;C:\Program Files\Amazon\AWSCLIV2\;C:\Users\alexandra.brad\AppData\Local\Microsoft\WindowsApps;C:\Users\alexandra.brad\AppData\Roaming\npm;C:\Users\alexandra.brad\shen-ecommerce\node_modules\.bin

Yarn version: 
  1.22.18

Node version: 
  16.15.0

Platform: 
  win32 x64

Trace: 
  Error: EPERM: operation not permitted, unlink 'C:\Users\alexandra.brad\shen-ecommerce\node_modules\esbuild-windows-64\esbuild.exe'

npm manifest: 
  {
    "name": "shen-ecommerce",
    "private": true,
    "version": "0.0.0",
    "scripts": {
      "dev": "vite",
      "build": "tsc && vite build",
      "preview": "vite preview"
    },
    "dependencies": {
      "@floating-ui/react-dom": "^0.7.1",
      "@reduxjs/toolkit": "^1.8.2",
      "clsx": "^1.1.1",
      "i18next": "^21.8.4",
      "react": "^18.0.0",
      "react-dom": "^18.0.0",
      "react-hook-form": "^7.31.2",
      "react-i18next": "^11.16.9",
      "react-router-dom": "^6.3.0",
      "styled-components": "^5.3.5"
    },
    "devDependencies": {
      "@types/react": "^18.0.0",
      "@types/react-dom": "^18.0.0",
      "@typescript-eslint/eslint-plugin": "^5.26.0",
      "@typescript-eslint/parser": "^5.26.0",
      "@vitejs/plugin-react": "^1.3.0",
      "eslint": "^8.16.0",
      "eslint-config-prettier": "^8.5.0",
      "eslint-config-standard": "^17.0.0",
      "eslint-plugin-import": "^2.26.0",
      "eslint-plugin-n": "^15.2.0",
      "eslint-plugin-prettier": "^4.0.0",
      "eslint-plugin-promise": "^6.0.0",
      "eslint-plugin-react": "^7.30.0",
      "prettier": "^2.6.2",
      "typescript": "^4.6.3",
      "vite": "^2.9.9"
    },
    "resolutions": {
      "styled-components": "^5"
    },
    "lint": "eslint .",
    "lint:fix": "eslint --fix",
    "format": "prettier --write './**/*.{js,jsx,ts,tsx,css,md,json}' --config ./.prettierrc"
  }

yarn manifest: 
  No manifest

Lockfile: 
  No lockfile
